# JRE version: Java(TM) SE Runtime Environment (7.0_75-b13) (build 1.7.0_75-b13)
# Java VM: Java HotSpot(TM) 64-Bit Server VM (24.75-b04 mixed mode bsd-amd64 compressed oops)
Heap
 PSYoungGen      total 295936K, used 86186K [0x00000007eaa80000, 0x0000000800000000, 0x0000000800000000)
  eden space 264704K, 20% used [0x00000007eaa80000,0x00000007ee040000,0x00000007fad00000)
  from space 31232K, 99% used [0x00000007fad00000,0x00000007fcb6abf8,0x00000007fcb80000)
  to   space 44544K, 0% used [0x00000007fd480000,0x00000007fd480000,0x0000000800000000)
 ParOldGen       total 251392K, used 164041K [0x00000007c0000000, 0x00000007cf580000, 0x00000007eaa80000)
  object space 251392K, 65% used [0x00000007c0000000,0x00000007ca0325a0,0x00000007cf580000)
 PSPermGen       total 177664K, used 128290K [0x00000007b0000000, 0x00000007bad80000, 0x00000007c0000000)
  object space 177664K, 72% used [0x00000007b0000000,0x00000007b7d48830,0x00000007bad80000)
GC Heap History (10 events):
Event: 65364.332 GC heap before
{Heap before GC invocations=41 (full 8):
 PSYoungGen      total 288256K, used 284822K [0x00000007eaa80000, 0x00000007ff500000, 0x0000000800000000)
  eden space 259584K, 100% used [0x00000007eaa80000,0x00000007fa800000,0x00000007fa800000)
  from space 28672K, 88% used [0x00000007fd900000,0x00000007ff1a5ac8,0x00000007ff500000)
  to   space 39424K, 0% used [0x00000007fa800000,0x00000007fa800000,0x00000007fce80000)
 ParOldGen       total 172544K, used 143289K [0x00000007c0000000, 0x00000007ca880000, 0x00000007eaa80000)
  object space 172544K, 83% used [0x00000007c0000000,0x00000007c8bee7e0,0x00000007ca880000)
 PSPermGen       total 117248K, used 117126K [0x00000007b0000000, 0x00000007b7280000, 0x00000007c0000000)
  object space 117248K, 99% used [0x00000007b0000000,0x00000007b7261870,0x00000007b7280000)
Event: 65364.391 GC heap after
Heap after GC invocations=41 (full 8):
 PSYoungGen      total 299008K, used 29911K [0x00000007eaa80000, 0x0000000800000000, 0x0000000800000000)
  eden space 259584K, 0% used [0x00000007eaa80000,0x00000007eaa80000,0x00000007fa800000)
  from space 39424K, 75% used [0x00000007fa800000,0x00000007fc535c60,0x00000007fce80000)
  to   space 41984K, 0% used [0x00000007fd700000,0x00000007fd700000,0x0000000800000000)
 ParOldGen       total 172544K, used 159846K [0x00000007c0000000, 0x00000007ca880000, 0x00000007eaa80000)
  object space 172544K, 92% used [0x00000007c0000000,0x00000007c9c19810,0x00000007ca880000)
 PSPermGen       total 117248K, used 117126K [0x00000007b0000000, 0x00000007b7280000, 0x00000007c0000000)
  object space 117248K, 99% used [0x00000007b0000000,0x00000007b7261870,0x00000007b7280000)
}
Event: 65364.391 GC heap before
{Heap before GC invocations=42 (full 9):
 PSYoungGen      total 299008K, used 29911K [0x00000007eaa80000, 0x0000000800000000, 0x0000000800000000)
  eden space 259584K, 0% used [0x00000007eaa80000,0x00000007eaa80000,0x00000007fa800000)
  from space 39424K, 75% used [0x00000007fa800000,0x00000007fc535c60,0x00000007fce80000)
  to   space 41984K, 0% used [0x00000007fd700000,0x00000007fd700000,0x0000000800000000)
 ParOldGen       total 172544K, used 159846K [0x00000007c0000000, 0x00000007ca880000, 0x00000007eaa80000)
  object space 172544K, 92% used [0x00000007c0000000,0x00000007c9c19810,0x00000007ca880000)
 PSPermGen       total 117248K, used 117126K [0x00000007b0000000, 0x00000007b7280000, 0x00000007c0000000)
  object space 117248K, 99% used [0x00000007b0000000,0x00000007b7261870,0x00000007b7280000)
Event: 65365.391 GC heap after
Heap after GC invocations=42 (full 9):
 PSYoungGen      total 299008K, used 2561K [0x00000007eaa80000, 0x0000000800000000, 0x0000000800000000)
  eden space 259584K, 0% used [0x00000007eaa80000,0x00000007eaa80000,0x00000007fa800000)
  from space 39424K, 6% used [0x00000007fa800000,0x00000007faa806e8,0x00000007fce80000)
  to   space 41984K, 0% used [0x00000007fd700000,0x00000007fd700000,0x0000000800000000)
 ParOldGen       total 251392K, used 172142K [0x00000007c0000000, 0x00000007cf580000, 0x00000007eaa80000)
  object space 251392K, 68% used [0x00000007c0000000,0x00000007ca81bb10,0x00000007cf580000)
 PSPermGen       total 178176K, used 116973K [0x00000007b0000000, 0x00000007bae00000, 0x00000007c0000000)
  object space 178176K, 65% used [0x00000007b0000000,0x00000007b723b438,0x00000007bae00000)
}
Event: 65366.674 GC heap before
{Heap before GC invocations=43 (full 9):
 PSYoungGen      total 299008K, used 94827K [0x00000007eaa80000, 0x0000000800000000, 0x0000000800000000)
  eden space 259584K, 35% used [0x00000007eaa80000,0x00000007f049a6f0,0x00000007fa800000)
  from space 39424K, 6% used [0x00000007fa800000,0x00000007faa806e8,0x00000007fce80000)
  to   space 41984K, 0% used [0x00000007fd700000,0x00000007fd700000,0x0000000800000000)
 ParOldGen       total 251392K, used 172142K [0x00000007c0000000, 0x00000007cf580000, 0x00000007eaa80000)
  object space 251392K, 68% used [0x00000007c0000000,0x00000007ca81bb10,0x00000007cf580000)
 PSPermGen       total 178176K, used 118199K [0x00000007b0000000, 0x00000007bae00000, 0x00000007c0000000)
  object space 178176K, 66% used [0x00000007b0000000,0x00000007b736dcd0,0x00000007bae00000)
Event: 65366.740 GC heap after
Heap after GC invocations=43 (full 9):
 PSYoungGen      total 306688K, used 3522K [0x00000007eaa80000, 0x0000000800000000, 0x0000000800000000)
  eden space 264704K, 0% used [0x00000007eaa80000,0x00000007eaa80000,0x00000007fad00000)
  from space 41984K, 8% used [0x00000007fd700000,0x00000007fda70bc0,0x0000000800000000)
  to   space 42496K, 0% used [0x00000007fad00000,0x00000007fad00000,0x00000007fd680000)
 ParOldGen       total 251392K, used 173705K [0x00000007c0000000, 0x00000007cf580000, 0x00000007eaa80000)
  object space 251392K, 69% used [0x00000007c0000000,0x00000007ca9a2490,0x00000007cf580000)
 PSPermGen       total 178176K, used 118199K [0x00000007b0000000, 0x00000007bae00000, 0x00000007c0000000)
  object space 178176K, 66% used [0x00000007b0000000,0x00000007b736dcd0,0x00000007bae00000)
}
Event: 65366.740 GC heap before
{Heap before GC invocations=44 (full 10):
 PSYoungGen      total 306688K, used 3522K [0x00000007eaa80000, 0x0000000800000000, 0x0000000800000000)
  eden space 264704K, 0% used [0x00000007eaa80000,0x00000007eaa80000,0x00000007fad00000)
  from space 41984K, 8% used [0x00000007fd700000,0x00000007fda70bc0,0x0000000800000000)
  to   space 42496K, 0% used [0x00000007fad00000,0x00000007fad00000,0x00000007fd680000)
 ParOldGen       total 251392K, used 173705K [0x00000007c0000000, 0x00000007cf580000, 0x00000007eaa80000)
  object space 251392K, 69% used [0x00000007c0000000,0x00000007ca9a2490,0x00000007cf580000)
 PSPermGen       total 178176K, used 118199K [0x00000007b0000000, 0x00000007bae00000, 0x00000007c0000000)
  object space 178176K, 66% used [0x00000007b0000000,0x00000007b736dcd0,0x00000007bae00000)
Event: 65367.706 GC heap after
Heap after GC invocations=44 (full 10):
 PSYoungGen      total 306688K, used 0K [0x00000007eaa80000, 0x0000000800000000, 0x0000000800000000)
  eden space 264704K, 0% used [0x00000007eaa80000,0x00000007eaa80000,0x00000007fad00000)
  from space 41984K, 0% used [0x00000007fd700000,0x00000007fd700000,0x0000000800000000)
  to   space 42496K, 0% used [0x00000007fad00000,0x00000007fad00000,0x00000007fd680000)
 ParOldGen       total 251392K, used 164041K [0x00000007c0000000, 0x00000007cf580000, 0x00000007eaa80000)
  object space 251392K, 65% used [0x00000007c0000000,0x00000007ca0325a0,0x00000007cf580000)
 PSPermGen       total 177664K, used 118185K [0x00000007b0000000, 0x00000007bad80000, 0x00000007c0000000)
  object space 177664K, 66% used [0x00000007b0000000,0x00000007b736a708,0x00000007bad80000)
}
Event: 68547.720 GC heap before
{Heap before GC invocations=45 (full 10):
 PSYoungGen      total 306688K, used 264704K [0x00000007eaa80000, 0x0000000800000000, 0x0000000800000000)
  eden space 264704K, 100% used [0x00000007eaa80000,0x00000007fad00000,0x00000007fad00000)
  from space 41984K, 0% used [0x00000007fd700000,0x00000007fd700000,0x0000000800000000)
  to   space 42496K, 0% used [0x00000007fad00000,0x00000007fad00000,0x00000007fd680000)
 ParOldGen       total 251392K, used 164041K [0x00000007c0000000, 0x00000007cf580000, 0x00000007eaa80000)
  object space 251392K, 65% used [0x00000007c0000000,0x00000007ca0325a0,0x00000007cf580000)
 PSPermGen       total 177664K, used 127351K [0x00000007b0000000, 0x00000007bad80000, 0x00000007c0000000)
  object space 177664K, 71% used [0x00000007b0000000,0x00000007b7c5ded0,0x00000007bad80000)
Event: 68547.786 GC heap after
Heap after GC invocations=45 (full 10):
 PSYoungGen      total 295936K, used 31146K [0x00000007eaa80000, 0x0000000800000000, 0x0000000800000000)
  eden space 264704K, 0% used [0x00000007eaa80000,0x00000007eaa80000,0x00000007fad00000)
  from space 31232K, 99% used [0x00000007fad00000,0x00000007fcb6abf8,0x00000007fcb80000)
  to   space 44544K, 0% used [0x00000007fd480000,0x00000007fd480000,0x0000000800000000)
 ParOldGen       total 251392K, used 164041K [0x00000007c0000000, 0x00000007cf580000, 0x00000007eaa80000)
  object space 251392K, 65% used [0x00000007c0000000,0x00000007ca0325a0,0x00000007cf580000)
 PSPermGen       total 177664K, used 127351K [0x00000007b0000000, 0x00000007bad80000, 0x00000007c0000000)
  object space 177664K, 71% used [0x00000007b0000000,0x00000007b7c5ded0,0x00000007bad80000)
}

