# JRE version: Java(TM) SE Runtime Environment (7.0_75-b13) (build 1.7.0_75-b13)
# Java VM: Java HotSpot(TM) 64-Bit Server VM (24.75-b04 mixed mode bsd-amd64 compressed oops)
Heap
 PSYoungGen      total 299008K, used 193400K [0x00000007eaa80000, 0x0000000800000000, 0x0000000800000000)
  eden space 272896K, 61% used [0x00000007eaa80000,0x00000007f4e46a60,0x00000007fb500000)
  from space 26112K, 98% used [0x00000007fb500000,0x00000007fce178e0,0x00000007fce80000)
  to   space 40448K, 0% used [0x00000007fd880000,0x00000007fd880000,0x0000000800000000)
 ParOldGen       total 152064K, used 84942K [0x00000007c0000000, 0x00000007c9480000, 0x00000007eaa80000)
  object space 152064K, 55% used [0x00000007c0000000,0x00000007c52f3948,0x00000007c9480000)
 PSPermGen       total 117248K, used 80673K [0x00000007b0000000, 0x00000007b7280000, 0x00000007c0000000)
  object space 117248K, 68% used [0x00000007b0000000,0x00000007b4ec8530,0x00000007b7280000)
GC Heap History (10 events):
Event: 14.219 GC heap before
{Heap before GC invocations=13 (full 1):
 PSYoungGen      total 328192K, used 10836K [0x00000007eaa80000, 0x0000000800000000, 0x0000000800000000)
  eden space 306176K, 0% used [0x00000007eaa80000,0x00000007eaa80000,0x00000007fd580000)
  from space 22016K, 49% used [0x00000007fea80000,0x00000007ff515228,0x0000000800000000)
  to   space 21504K, 0% used [0x00000007fd580000,0x00000007fd580000,0x00000007fea80000)
 ParOldGen       total 87040K, used 46895K [0x00000007c0000000, 0x00000007c5500000, 0x00000007eaa80000)
  object space 87040K, 53% used [0x00000007c0000000,0x00000007c2dcbff8,0x00000007c5500000)
 PSPermGen       total 45568K, used 45178K [0x00000007b0000000, 0x00000007b2c80000, 0x00000007c0000000)
  object space 45568K, 99% used [0x00000007b0000000,0x00000007b2c1e8b0,0x00000007b2c80000)
Event: 14.607 GC heap after
Heap after GC invocations=13 (full 1):
 PSYoungGen      total 328192K, used 0K [0x00000007eaa80000, 0x0000000800000000, 0x0000000800000000)
  eden space 306176K, 0% used [0x00000007eaa80000,0x00000007eaa80000,0x00000007fd580000)
  from space 22016K, 0% used [0x00000007fea80000,0x00000007fea80000,0x0000000800000000)
  to   space 21504K, 0% used [0x00000007fd580000,0x00000007fd580000,0x00000007fea80000)
 ParOldGen       total 87040K, used 47928K [0x00000007c0000000, 0x00000007c5500000, 0x00000007eaa80000)
  object space 87040K, 55% used [0x00000007c0000000,0x00000007c2ece3b8,0x00000007c5500000)
 PSPermGen       total 90624K, used 45118K [0x00000007b0000000, 0x00000007b5880000, 0x00000007c0000000)
  object space 90624K, 49% used [0x00000007b0000000,0x00000007b2c0fb18,0x00000007b5880000)
}
Event: 48.504 GC heap before
{Heap before GC invocations=14 (full 1):
 PSYoungGen      total 328192K, used 306176K [0x00000007eaa80000, 0x0000000800000000, 0x0000000800000000)
  eden space 306176K, 100% used [0x00000007eaa80000,0x00000007fd580000,0x00000007fd580000)
  from space 22016K, 0% used [0x00000007fea80000,0x00000007fea80000,0x0000000800000000)
  to   space 21504K, 0% used [0x00000007fd580000,0x00000007fd580000,0x00000007fea80000)
 ParOldGen       total 87040K, used 47928K [0x00000007c0000000, 0x00000007c5500000, 0x00000007eaa80000)
  object space 87040K, 55% used [0x00000007c0000000,0x00000007c2ece3b8,0x00000007c5500000)
 PSPermGen       total 90624K, used 56073K [0x00000007b0000000, 0x00000007b5880000, 0x00000007c0000000)
  object space 90624K, 61% used [0x00000007b0000000,0x00000007b36c26c8,0x00000007b5880000)
Event: 48.551 GC heap after
Heap after GC invocations=14 (full 1):
 PSYoungGen      total 327680K, used 21500K [0x00000007eaa80000, 0x0000000800000000, 0x0000000800000000)
  eden space 306176K, 0% used [0x00000007eaa80000,0x00000007eaa80000,0x00000007fd580000)
  from space 21504K, 99% used [0x00000007fd580000,0x00000007fea7f0b8,0x00000007fea80000)
  to   space 22016K, 0% used [0x00000007fea80000,0x00000007fea80000,0x0000000800000000)
 ParOldGen       total 87040K, used 50711K [0x00000007c0000000, 0x00000007c5500000, 0x00000007eaa80000)
  object space 87040K, 58% used [0x00000007c0000000,0x00000007c3185c50,0x00000007c5500000)
 PSPermGen       total 90624K, used 56073K [0x00000007b0000000, 0x00000007b5880000, 0x00000007c0000000)
  object space 90624K, 61% used [0x00000007b0000000,0x00000007b36c26c8,0x00000007b5880000)
}
Event: 51.758 GC heap before
{Heap before GC invocations=15 (full 1):
 PSYoungGen      total 327680K, used 327676K [0x00000007eaa80000, 0x0000000800000000, 0x0000000800000000)
  eden space 306176K, 100% used [0x00000007eaa80000,0x00000007fd580000,0x00000007fd580000)
  from space 21504K, 99% used [0x00000007fd580000,0x00000007fea7f0b8,0x00000007fea80000)
  to   space 22016K, 0% used [0x00000007fea80000,0x00000007fea80000,0x0000000800000000)
 ParOldGen       total 87040K, used 50711K [0x00000007c0000000, 0x00000007c5500000, 0x00000007eaa80000)
  object space 87040K, 58% used [0x00000007c0000000,0x00000007c3185c50,0x00000007c5500000)
 PSPermGen       total 90624K, used 65772K [0x00000007b0000000, 0x00000007b5880000, 0x00000007c0000000)
  object space 90624K, 72% used [0x00000007b0000000,0x00000007b403b180,0x00000007b5880000)
Event: 51.821 GC heap after
Heap after GC invocations=15 (full 1):
 PSYoungGen      total 294912K, used 21988K [0x00000007eaa80000, 0x0000000800000000, 0x0000000800000000)
  eden space 272896K, 0% used [0x00000007eaa80000,0x00000007eaa80000,0x00000007fb500000)
  from space 22016K, 99% used [0x00000007fea80000,0x00000007ffff9300,0x0000000800000000)
  to   space 38400K, 0% used [0x00000007fb500000,0x00000007fb500000,0x00000007fda80000)
 ParOldGen       total 87040K, used 76107K [0x00000007c0000000, 0x00000007c5500000, 0x00000007eaa80000)
  object space 87040K, 87% used [0x00000007c0000000,0x00000007c4a52db0,0x00000007c5500000)
 PSPermGen       total 90624K, used 65772K [0x00000007b0000000, 0x00000007b5880000, 0x00000007c0000000)
  object space 90624K, 72% used [0x00000007b0000000,0x00000007b403b180,0x00000007b5880000)
}
Event: 51.821 GC heap before
{Heap before GC invocations=16 (full 2):
 PSYoungGen      total 294912K, used 21988K [0x00000007eaa80000, 0x0000000800000000, 0x0000000800000000)
  eden space 272896K, 0% used [0x00000007eaa80000,0x00000007eaa80000,0x00000007fb500000)
  from space 22016K, 99% used [0x00000007fea80000,0x00000007ffff9300,0x0000000800000000)
  to   space 38400K, 0% used [0x00000007fb500000,0x00000007fb500000,0x00000007fda80000)
 ParOldGen       total 87040K, used 76107K [0x00000007c0000000, 0x00000007c5500000, 0x00000007eaa80000)
  object space 87040K, 87% used [0x00000007c0000000,0x00000007c4a52db0,0x00000007c5500000)
 PSPermGen       total 90624K, used 65772K [0x00000007b0000000, 0x00000007b5880000, 0x00000007c0000000)
  object space 90624K, 72% used [0x00000007b0000000,0x00000007b403b180,0x00000007b5880000)
Event: 52.211 GC heap after
Heap after GC invocations=16 (full 2):
 PSYoungGen      total 294912K, used 0K [0x00000007eaa80000, 0x0000000800000000, 0x0000000800000000)
  eden space 272896K, 0% used [0x00000007eaa80000,0x00000007eaa80000,0x00000007fb500000)
  from space 22016K, 0% used [0x00000007fea80000,0x00000007fea80000,0x0000000800000000)
  to   space 38400K, 0% used [0x00000007fb500000,0x00000007fb500000,0x00000007fda80000)
 ParOldGen       total 152064K, used 84934K [0x00000007c0000000, 0x00000007c9480000, 0x00000007eaa80000)
  object space 152064K, 55% used [0x00000007c0000000,0x00000007c52f1948,0x00000007c9480000)
 PSPermGen       total 117248K, used 65758K [0x00000007b0000000, 0x00000007b7280000, 0x00000007c0000000)
  object space 117248K, 56% used [0x00000007b0000000,0x00000007b4037ba8,0x00000007b7280000)
}
Event: 207.695 GC heap before
{Heap before GC invocations=17 (full 2):
 PSYoungGen      total 294912K, used 272896K [0x00000007eaa80000, 0x0000000800000000, 0x0000000800000000)
  eden space 272896K, 100% used [0x00000007eaa80000,0x00000007fb500000,0x00000007fb500000)
  from space 22016K, 0% used [0x00000007fea80000,0x00000007fea80000,0x0000000800000000)
  to   space 38400K, 0% used [0x00000007fb500000,0x00000007fb500000,0x00000007fda80000)
 ParOldGen       total 152064K, used 84934K [0x00000007c0000000, 0x00000007c9480000, 0x00000007eaa80000)
  object space 152064K, 55% used [0x00000007c0000000,0x00000007c52f1948,0x00000007c9480000)
 PSPermGen       total 117248K, used 78011K [0x00000007b0000000, 0x00000007b7280000, 0x00000007c0000000)
  object space 117248K, 66% used [0x00000007b0000000,0x00000007b4c2ed60,0x00000007b7280000)
Event: 207.732 GC heap after
Heap after GC invocations=17 (full 2):
 PSYoungGen      total 299008K, used 25694K [0x00000007eaa80000, 0x0000000800000000, 0x0000000800000000)
  eden space 272896K, 0% used [0x00000007eaa80000,0x00000007eaa80000,0x00000007fb500000)
  from space 26112K, 98% used [0x00000007fb500000,0x00000007fce178e0,0x00000007fce80000)
  to   space 40448K, 0% used [0x00000007fd880000,0x00000007fd880000,0x0000000800000000)
 ParOldGen       total 152064K, used 84942K [0x00000007c0000000, 0x00000007c9480000, 0x00000007eaa80000)
  object space 152064K, 55% used [0x00000007c0000000,0x00000007c52f3948,0x00000007c9480000)
 PSPermGen       total 117248K, used 78011K [0x00000007b0000000, 0x00000007b7280000, 0x00000007c0000000)
  object space 117248K, 66% used [0x00000007b0000000,0x00000007b4c2ed60,0x00000007b7280000)
}

